Server listening on port 3000.
/
/css/bootstrap.min.css
/js/bootstrap.min.js
http://pm.5188bh.com/header53621.php
http://pm.5188bh.com/header53621.php
http://www.yahoo.com/
http://pm.5188bh.com/header53621.php
http://www.yahoo.com/
http://www.healthyenergyideas.com/wcwc/gp.jpg
http://pm.5188bh.com/judgelife.php
http://pm.5188bh.com/judgelife.php
http://pm.5188bh.com/header53621.php
http://www.yahoo.com/
http://dalipeng.free.fr/proxyheader.php
http://imppl.tradedoubler.com/imp?type(inv)g(17135522)a(2399999)
http://121.199.31.193/proxyheader.php
http://pm.5188bh.com/header53621.php
http://www.yahoo.com/
http://pm.5188bh.com/judgelife.php
http://pm.5188bh.com/header53621.php
http://www.yahoo.com/
http://pm.5188bh.com/header53621.php
http://www.yahoo.com/
http://pm.5188bh.com/judgelife.php
http://www.yahoo.com/
http://pm.5188bh.com/header53621.php
http://www.yahoo.com/
http://pm.5188bh.com/header53621.php
http://pm.5188bh.com/header53621.php
http://www.yahoo.com/
http://imppl.tradedoubler.com/imp?type(inv)g(21236766)a(2373237)
http://pm.5188bh.com/header53621.php
http://www.yahoo.com/
http://dalipeng.free.fr/proxyheader.php
http://pm.5188bh.com/header53621.php
http://www.yahoo.com/
http://pm.5188bh.com/header53621.php
http://www.yahoo.com/
http://pm.5188bh.com/header53621.php
http://www.yahoo.com/
http://pm.5188bh.com/header53621.php
http://www.yahoo.com/
http://webnewline.com/proxyheader.php
http://pm.5188bh.com/header53621.php
http://www.yahoo.com/
http://121.199.31.193/proxyheader.php
http://pm.5188bh.com/header53621.php
http://pm.5188bh.com/header53621.php
http://www.yahoo.com/
http://pm.5188bh.com/header53621.php
http://www.yahoo.com/
http://webnewline.com/proxyheader.php
http://pm.5188bh.com/judgelife.php
http://www.yahoo.com/
http://pm.5188bh.com/judgelife.php
