Server listening on port 3000.
/
/favicon.ico
http://121.199.31.193/proxyheader.php
http://pm.5188bh.com/header53621.php
http://www.yahoo.com/
http://pm.5188bh.com/header53621.php
http://www.yahoo.com/
http://pm.5188bh.com/header53621.php
http://pm.5188bh.com/judgelife.php
http://www.yahoo.com/
http://pm.5188bh.com/header53621.php
http://www.yahoo.com/
http://pm.5188bh.com/judgelife.php
http://pm.5188bh.com/header53621.php
http://www.yahoo.com/
http://pm.5188bh.com/header53621.php
http://pm.5188bh.com/header53621.php
http://www.yahoo.com/
http://pm.5188bh.com/header53621.php
http://www.yahoo.com/
http://pm.5188bh.com/judgelife.php
http://www.yahoo.com/
http://pm.5188bh.com/header53621.php
http://www.yahoo.com/
http://pm.5188bh.com/header53621.php
http://pm.5188bh.com/judgelife.php
http://www.yahoo.com/
http://pm.5188bh.com/header53621.php
http://www.yahoo.com/
http://pm.5188bh.com/header53621.php
http://www.yahoo.com/
http://pm.5188bh.com/header53621.php
http://www.yahoo.com/
http://121.199.31.193/proxyheader.php
http://pm.5188bh.com/judgelife.php
http://pm.5188bh.com/header53621.php
http://www.yahoo.com/
http://pm.5188bh.com/header53621.php
http://www.yahoo.com/
http://pm.5188bh.com/header53621.php
http://www.yahoo.com/
http://pm.5188bh.com/header53621.php
http://www.yahoo.com/
http://www.sewgame.com/proxyheader.php
http://www.flowertell.com/proxyheader.php
http://pm.5188bh.com/header53621.php
http://www.yahoo.com/
/
http://dalipeng.free.fr/proxyheader.php
http://pm.5188bh.com/header53621.php
http://www.yahoo.com/
http://pm.5188bh.com/header53621.php
http://www.yahoo.com/
http://pm.5188bh.com/header53621.php
http://www.yahoo.com/
http://pm.5188bh.com/judgelife.php
http://pm.5188bh.com/header53621.php
http://www.yahoo.com/
http://pm.5188bh.com/header53621.php
http://www.yahoo.com/
http://webnewline.com/proxyheader.php
http://pm.5188bh.com/header53621.php
http://www.yahoo.com/
http://pm.5188bh.com/header53621.php
http://www.yahoo.com/
http://jump.gooffers.net/aff_c?offer_id=5983&aff_id=18283
http://pm.5188bh.com/header53621.php
http://pm.5188bh.com/header53621.php
http://www.yahoo.com/
http://pm.5188bh.com/header53621.php
http://www.yahoo.com/
http://pm.5188bh.com/header53621.php
http://www.yahoo.com/
http://pm.5188bh.com/judgelife.php
http://pm.5188bh.com/judgelife.php
http://www.yahoo.com/
http://pm.5188bh.com/header53621.php
http://pm.5188bh.com/header53621.php
http://www.yahoo.com/
http://www.yahoo.com/
http://imppl.tradedoubler.com/imp?type(inv)g(21262264)a(2385978)
http://pm.5188bh.com/header53621.php
http://pm.5188bh.com/header53621.php
http://www.yahoo.com/
http://121.199.31.193/proxyheader.php
http://www.flowertell.com/proxyheader.php
http://pm.5188bh.com/header53621.php
http://www.yahoo.com/
http://pm.5188bh.com/judgelife.php
http://www.yahoo.com/
http://pm.5188bh.com/header53621.php
http://pm.5188bh.com/header53621.php
http://121.199.31.193/proxyheader.php
http://pm.5188bh.com/header53621.php
http://www.yahoo.com/
http://pm.5188bh.com/judgelife.php
http://pm.5188bh.com/header53621.php
http://www.yahoo.com/
http://pm.5188bh.com/header53621.php
http://www.yahoo.com/
http://121.199.31.193/proxyheader.php
http://121.199.31.193/proxyheader.php
http://pm.5188bh.com/header53621.php
http://www.yahoo.com/
http://pm.5188bh.com/judgelife.php
http://pm.5188bh.com/judgelife.php
http://www.yahoo.com/
http://pm.5188bh.com/header53621.php
http://pm.5188bh.com/header53621.php
http://www.yahoo.com/
http://pm.5188bh.com/header53621.php
http://pm.5188bh.com/header53621.php
http://121.199.31.193/proxyheader.php
http://pm.5188bh.com/header53621.php
http://www.yahoo.com/
http://121.199.31.193/proxyheader.php
http://pm.5188bh.com/header53621.php
http://www.yahoo.com/
http://pm.5188bh.com/header53621.php
http://dalipeng.free.fr/proxyheader.php
http://121.199.31.193/proxyheader.php
http://121.199.31.193/proxyheader.php
http://pm.5188bh.com/header53621.php
http://dalipeng.free.fr/proxyheader.php
http://121.199.31.193/proxyheader.php
http://pm.5188bh.com/header53621.php
http://www.yahoo.com/
http://pm.5188bh.com/header53621.php
http://www.yahoo.com/
http://121.199.31.193/proxyheader.php
http://pm.5188bh.com/header53621.php
http://www.yahoo.com/
http://www.sewgame.com/proxyheader.php
http://pm.5188bh.com/header53621.php
http://www.yahoo.com/
http://pm.5188bh.com/header53621.php
http://content.linkoffers.net/SharedImages/Products/220071/600065.png
http://pm.5188bh.com/header53621.php
http://www.yahoo.com/
http://pm.5188bh.com/judgelife.php
http://pm.5188bh.com/header53621.php
http://www.yahoo.com/
http://webnewline.com/proxyheader.php
http://pm.5188bh.com/header53621.php
http://www.yahoo.com/
http://pm.5188bh.com/header53621.php
http://www.yahoo.com/
http://121.199.31.193/proxyheader.php
http://pm.5188bh.com/header53621.php
http://www.yahoo.com/
http://pm.5188bh.com/header53621.php
http://pm.5188bh.com/judgelife.php
http://pm.5188bh.com/header53621.php
http://www.yahoo.com/
http://pm.5188bh.com/header53621.php
http://www.yahoo.com/
http://pm.5188bh.com/header53621.php
http://www.yahoo.com/
http://pm.5188bh.com/header53621.php
http://www.yahoo.com/
http://pm.5188bh.com/header53621.php
http://pm.5188bh.com/judgelife.php
http://www.yahoo.com/
http://pm.5188bh.com/header53621.php
http://www.yahoo.com/
http://www.daydaydata.com/proxy.txt
http://pm.5188bh.com/header53621.php
http://www.yahoo.com/
http://www.sewgame.com/proxyheader.php
http://blog.6park.com/
http://pm.5188bh.com/header53621.php
http://www.yahoo.com/
http://pm.5188bh.com/judgelife.php
http://www.yahoo.com/
http://pm.5188bh.com/header53621.php
http://pm.5188bh.com/header53621.php
http://www.yahoo.com/
http://pm.5188bh.com/header53621.php
http://www.yahoo.com/
http://pm.5188bh.com/judgelife.php
http://www.yahoo.com/
http://pm.5188bh.com/header53621.php
http://www.yahoo.com/
http://pm.5188bh.com/header53621.php
http://www.yahoo.com/
http://pm.5188bh.com/header53621.php
http://www.yahoo.com/
http://pm.5188bh.com/header53621.php
http://www.yahoo.com/
http://pm.5188bh.com/header53621.php
http://www.yahoo.com/
http://pm.5188bh.com/header53621.php
http://www.yahoo.com/
http://121.199.31.193/proxyheader.php
http://pm.5188bh.com/header53621.php
http://www.yahoo.com/
http://pm.5188bh.com/header53621.php
http://www.yahoo.com/
http://pm.5188bh.com/header53621.php
http://www.yahoo.com/
http://pm.5188bh.com/header53621.php
http://www.yahoo.com/
http://pm.5188bh.com/header53621.php
http://www.yahoo.com/
http://121.199.31.193/proxyheader.php
http://pm.5188bh.com/header53621.php
http://www.yahoo.com/
http://pm.5188bh.com/header53621.php
http://www.yahoo.com/
http://pm.5188bh.com/header53621.php
http://www.hitsvip.com/proxyheader.php
http://121.199.31.193/proxyheader.php
http://pm.5188bh.com/header53621.php
http://pm.5188bh.com/header53621.php
http://www.yahoo.com/
http://pm.5188bh.com/header53621.php
http://www.yahoo.com/
http://dalipeng.free.fr/proxyheader.php
http://pm.5188bh.com/judgelife.php
http://pm.5188bh.com/header53621.php
http://www.yahoo.com/
http://pm.5188bh.com/judgelife.php
http://pm.5188bh.com/header53621.php
http://www.yahoo.com/
http://pm.5188bh.com/header53621.php
http://pm.5188bh.com/header53621.php
http://www.yahoo.com/
http://121.199.31.193/proxyheader.php
http://121.199.31.193/proxyheader.php
http://pm.5188bh.com/header53621.php
http://www.yahoo.com/
http://121.199.31.193/proxyheader.php
http://webnewline.com/proxyheader.php
http://pm.5188bh.com/header53621.php
https://content.flexlinks.com:443/SharedImages/Products/248385/618258.jpg
http://track.flexlinks.com/i.ashx?foid=1053014.248385&fot=9999&foc=2
http://pm.5188bh.com/header53621.php
http://pm.5188bh.com/judgelife.php
http://www.yahoo.com/
http://pm.5188bh.com/judgelife.php
http://121.199.31.193/proxyheader.php
http://pm.5188bh.com/judgelife.php
http://pm.5188bh.com/header53621.php
http://www.yahoo.com/
http://pm.5188bh.com/judgelife.php
http://121.199.31.193/proxyheader.php
http://content.linkoffers.net/SharedImages/Products/220113/600291.gif
http://121.199.31.193/proxyheader.php
http://pm.5188bh.com/judgelife.php
http://pm.5188bh.com/judgelife.php
http://pm.5188bh.com/judgelife.php
http://pm.5188bh.com/judgelife.php
http://www.yahoo.com/
http://pm.5188bh.com/header53621.php
http://www.yahoo.com/
http://www.sewgame.com/proxyheader.php
http://121.199.31.193/proxyheader.php
http://pm.5188bh.com/judgelife.php
http://121.199.31.193/proxyheader.php
http://pm.5188bh.com/judgelife.php
http://121.199.31.193/proxyheader.php
http://121.199.31.193/proxyheader.php
http://pm.5188bh.com/header53621.php
http://www.yahoo.com/
http://pm.5188bh.com/header53621.php
http://www.yahoo.com/
http://pm.5188bh.com/header53621.php
http://www.yahoo.com/
http://pm.5188bh.com/header53621.php
http://pm.5188bh.com/header53621.php
http://www.yahoo.com/
http://pm.5188bh.com/header53621.php
http://www.yahoo.com/
http://pm.5188bh.com/header53621.php
http://www.yahoo.com/
http://pm.5188bh.com/header53621.php
http://www.yahoo.com/
http://pm.5188bh.com/header53621.php
http://www.yahoo.com/
http://pm.5188bh.com/header53621.php
http://www.yahoo.com/
http://121.199.31.193/proxyheader.php
http://pm.5188bh.com/header53621.php
http://www.yahoo.com/
http://pm.5188bh.com/header53621.php
http://www.yahoo.com/
http://pm.5188bh.com/header53621.php
http://www.yahoo.com/
http://pm.5188bh.com/header53621.php
http://www.yahoo.com/
http://pm.5188bh.com/header53621.php
http://www.yahoo.com/
http://pm.5188bh.com/header53621.php
http://pm.5188bh.com/header53621.php
http://www.yahoo.com/
http://pm.5188bh.com/header53621.php
http://www.sewgame.com/proxyheader.php
http://pm.5188bh.com/header53621.php
http://www.yahoo.com/
http://pm.5188bh.com/header53621.php
http://www.yahoo.com/
http://pm.5188bh.com/header53621.php
http://www.yahoo.com/
http://121.199.31.193/proxyheader.php
http://pm.5188bh.com/header53621.php
http://pm.5188bh.com/header53621.php
http://www.yahoo.com/
http://pm.5188bh.com/header53621.php
http://www.yahoo.com/
http://pm.5188bh.com/judgelife.php
http://www.yahoo.com/
http://pm.5188bh.com/header53621.php
http://www.yahoo.com/
http://121.199.31.193/proxyheader.php
http://pm.5188bh.com/header53621.php
http://www.yahoo.com/
http://pm.5188bh.com/header53621.php
http://www.yahoo.com/
http://pm.5188bh.com/header53621.php
http://www.yahoo.com/
http://pm.5188bh.com/header53621.php
http://www.yahoo.com/
http://pm.5188bh.com/header53621.php
http://www.yahoo.com/
http://pm.5188bh.com/header53621.php
http://www.yahoo.com/
http://121.199.31.193/proxyheader.php
http://pm.5188bh.com/judgelife.php
http://pm.5188bh.com/header53621.php
http://www.yahoo.com/
http://pm.5188bh.com/header53621.php
http://www.yahoo.com/
http://121.199.31.193/proxyheader.php
http://pm.5188bh.com/header53621.php
http://www.yahoo.com/
http://pm.5188bh.com/header53621.php
http://www.yahoo.com/
http://pm.5188bh.com/header53621.php
http://www.yahoo.com/
http://pm.5188bh.com/judgelife.php
http://pm.5188bh.com/judgelife.php
http://www.yahoo.com/
http://pm.5188bh.com/header53621.php
http://www.yahoo.com/
http://pm.5188bh.com/header53621.php
http://www.yahoo.com/
http://pm.5188bh.com/header53621.php
http://www.yahoo.com/
http://pm.5188bh.com/header53621.php
http://www.yahoo.com/
http://121.199.31.193/proxyheader.php
http://pm.5188bh.com/header53621.php
http://www.yahoo.com/
http://pm.5188bh.com/header53621.php
http://www.yahoo.com/
http://pm.5188bh.com/judgelife.php
http://www.yahoo.com/
http://pm.5188bh.com/header53621.php
http://121.199.31.193/proxyheader.php
http://121.199.31.193/proxyheader.php
http://pm.5188bh.com/judgelife.php
http://www.daydaydata.com/proxy.txt
http://121.199.31.193/proxyheader.php
http://pm.5188bh.com/judgelife.php
http://pm.5188bh.com/header53621.php
http://www.flowertell.com/proxyheader.php
http://pm.5188bh.com/header53621.php
http://www.yahoo.com/
http://pm.5188bh.com/header53621.php
http://www.yahoo.com/
http://pm.5188bh.com/judgelife.php
http://121.199.31.193/proxyheader.php
http://pm.5188bh.com/judgelife.php
http://pm.5188bh.com/header53621.php
http://www.yahoo.com/
http://pm.5188bh.com/judgelife.php
http://121.199.31.193/proxyheader.php
http://121.199.31.193/proxyheader.php
http://pm.5188bh.com/judgelife.php
http://pm.5188bh.com/header53621.php
http://www.yahoo.com/
http://121.199.31.193/proxyheader.php
http://121.199.31.193/proxyheader.php
http://121.199.31.193/proxyheader.php
http://pm.5188bh.com/header53621.php
http://www.yahoo.com/
http://121.199.31.193/proxyheader.php
http://www.hitsvip.com/proxyheader.php
http://techtz.com/pe/proxyheader.php
http://techtz.com/pe/proxyheader.php
http://pm.5188bh.com/judgelife.php
http://pm.5188bh.com/judgelife.php
http://www.yahoo.com/
http://www.sewgame.com/proxyheader.php
http://pm.5188bh.com/header53621.php
http://www.yahoo.com/
http://pm.5188bh.com/header53621.php
http://www.yahoo.com/
http://pm.5188bh.com/header53621.php
http://pm.5188bh.com/judgelife.php
http://121.199.31.193/proxyheader.php
http://pm.5188bh.com/header53621.php
http://www.yahoo.com/
http://pm.5188bh.com/header53621.php
http://www.yahoo.com/
http://www.sewgame.com/proxyheader.php
http://pm.5188bh.com/header53621.php
http://www.yahoo.com/
http://pm.5188bh.com/header53621.php
http://www.yahoo.com/
http://pm.5188bh.com/header53621.php
http://www.yahoo.com/
http://pm.5188bh.com/header53621.php
http://www.yahoo.com/
http://pm.5188bh.com/header53621.php
http://www.yahoo.com/
http://pm.5188bh.com/header53621.php
http://www.yahoo.com/
http://pm.5188bh.com/header53621.php
http://www.yahoo.com/
http://pm.5188bh.com/header53621.php
http://www.yahoo.com/
http://pm.5188bh.com/judgelife.php
http://www.yahoo.com/
http://pm.5188bh.com/judgelife.php
http://pm.5188bh.com/header53621.php
http://www.yahoo.com/
http://121.199.31.193/proxyheader.php
http://pm.5188bh.com/header53621.php
http://www.yahoo.com/
http://pm.5188bh.com/header53621.php
http://www.yahoo.com/
http://pm.5188bh.com/judgelife.php
http://www.yahoo.com/
http://pm.5188bh.com/header53621.php
http://www.yahoo.com/
http://pm.5188bh.com/header53621.php
http://www.yahoo.com/
http://pm.5188bh.com/judgelife.php
http://pm.5188bh.com/header53621.php
http://www.yahoo.com/
http://pm.5188bh.com/header53621.php
http://www.yahoo.com/
http://pm.5188bh.com/header53621.php
http://www.yahoo.com/
http://pm.5188bh.com/judgelife.php
http://pm.5188bh.com/header53621.php
http://www.yahoo.com/
/
http://pm.5188bh.com/judgelife.php
http://pm.5188bh.com/header53621.php
http://www.yahoo.com/
http://dalipeng.free.fr/proxyheader.php
http://pm.5188bh.com/header53621.php
http://www.yahoo.com/
http://121.199.31.193/proxyheader.php
http://pm.5188bh.com/header53621.php
http://pm.5188bh.com/header53621.php
http://www.yahoo.com/
http://pm.5188bh.com/judgelife.php
http://www.yahoo.com/
http://pm.5188bh.com/header53621.php
http://www.yahoo.com/
http://pm.5188bh.com/header53621.php
http://pm.5188bh.com/header53621.php
http://www.yahoo.com/
http://121.199.31.193/proxyheader.php
http://techtz.com/pe/proxyheader.php
http://pm.5188bh.com/header53621.php
http://www.yahoo.com/
http://pm.5188bh.com/header53621.php
http://www.yahoo.com/
http://pm.5188bh.com/header53621.php
http://www.yahoo.com/
http://pm.5188bh.com/header53621.php
http://www.yahoo.com/
http://pm.5188bh.com/header53621.php
http://www.yahoo.com/
http://pm.5188bh.com/header53621.php
http://pm.5188bh.com/header53621.php
http://www.yahoo.com/
http://121.199.31.193/proxyheader.php
http://webnewline.com/proxyheader.php
http://pm.5188bh.com/header53621.php
http://pm.5188bh.com/header53621.php
http://www.yahoo.com/
http://121.199.31.193/proxyheader.php
http://pm.5188bh.com/header53621.php
http://www.yahoo.com/
http://pm.5188bh.com/header53621.php
http://www.yahoo.com/
http://121.199.31.193/proxyheader.php
http://pm.5188bh.com/header53621.php
http://121.199.31.193/proxyheader.php
http://pm.5188bh.com/judgelife.php
http://www.yahoo.com/
http://pm.5188bh.com/judgelife.php
http://121.199.31.193/proxyheader.php
http://pm.5188bh.com/header53621.php
http://www.yahoo.com/
http://pm.5188bh.com/header53621.php
http://www.yahoo.com/
http://pm.5188bh.com/header53621.php
http://www.yahoo.com/
http://121.199.31.193/proxyheader.php
http://pm.5188bh.com/judgelife.php
http://pm.5188bh.com/judgelife.php
http://www.yahoo.com/
http://pm.5188bh.com/header53621.php
http://www.yahoo.com/
http://121.199.31.193/proxyheader.php
http://pm.5188bh.com/header53621.php
http://www.yahoo.com/
http://pm.5188bh.com/judgelife.php
http://pm.5188bh.com/judgelife.php
http://pm.5188bh.com/header53621.php
http://www.yahoo.com/
http://pm.5188bh.com/header53621.php
http://pm.5188bh.com/header53621.php
http://www.yahoo.com/
http://pm.5188bh.com/header53621.php
http://www.yahoo.com/
http://pm.5188bh.com/header53621.php
http://www.yahoo.com/
http://webnewline.com/proxyheader.php
http://pm.5188bh.com/header53621.php
http://www.healthyenergyideas.com/wcwc/pl.jpg
http://pm.5188bh.com/header53621.php
http://www.yahoo.com/
http://pm.5188bh.com/header53621.php
http://pm.5188bh.com/header53621.php
http://www.yahoo.com/
http://www.sewgame.com/proxyheader.php
http://121.199.31.193/proxyheader.php
http://pm.5188bh.com/judgelife.php
http://121.199.31.193/proxyheader.php
http://pm.5188bh.com/judgelife.php
http://pm.5188bh.com/header53621.php
http://www.yahoo.com/
http://dalipeng.free.fr/proxyheader.php
http://dalipeng.free.fr/proxyheader.php
http://pm.5188bh.com/header53621.php
http://pm.5188bh.com/judgelife.php
http://www.yahoo.com/
http://pm.5188bh.com/header53621.php
http://www.yahoo.com/
http://pm.5188bh.com/header53621.php
http://www.yahoo.com/
http://pm.5188bh.com/header53621.php
http://www.yahoo.com/
http://pm.5188bh.com/header53621.php
http://121.199.31.193/proxyheader.php
http://pm.5188bh.com/header53621.php
http://www.yahoo.com/
http://www.flowertell.com/proxyheader.php
http://www.daydaydata.com/proxy.txt
http://pm.5188bh.com/header53621.php
http://www.yahoo.com/
http://www.sewgame.com/proxyheader.php
http://pm.5188bh.com/header53621.php
http://www.yahoo.com/
http://pm.5188bh.com/judgelife.php
http://pm.5188bh.com/header53621.php
http://www.yahoo.com/
http://dalipeng.free.fr/proxyheader.php
http://pm.5188bh.com/header53621.php
http://www.yahoo.com/
http://pm.5188bh.com/header53621.php
http://www.yahoo.com/
http://pm.5188bh.com/header53621.php
http://www.yahoo.com/
http://pm.5188bh.com/header53621.php
http://www.yahoo.com/
http://pm.5188bh.com/judgelife.php
http://www.yahoo.com/
http://pm.5188bh.com/header53621.php
http://www.yahoo.com/
http://pm.5188bh.com/header53621.php
http://www.yahoo.com/
http://pm.5188bh.com/header53621.php
http://www.yahoo.com/
http://pm.5188bh.com/header53621.php
http://www.yahoo.com/
http://pm.5188bh.com/judgelife.php
http://www.yahoo.com/
http://pm.5188bh.com/judgelife.php
http://pm.5188bh.com/header53621.php
http://www.yahoo.com/
http://pm.5188bh.com/header53621.php
http://www.yahoo.com/
http://pm.5188bh.com/header53621.php
http://www.yahoo.com/
http://pm.5188bh.com/header53621.php
http://www.yahoo.com/
http://pm.5188bh.com/header53621.php
http://www.yahoo.com/
http://pm.5188bh.com/header53621.php
http://www.yahoo.com/
http://121.199.31.193/proxyheader.php
http://pm.5188bh.com/header53621.php
http://www.yahoo.com/
http://pm.5188bh.com/header53621.php
http://www.yahoo.com/
