Server listening on port 3000.
http://121.199.31.193/proxyheader.php
/
/bower_components/bootstrap/dist/css/bootstrap.min.css
/css/starter-template.css
/bower_components/bootstrap/dist/js/bootstrap.min.js
http://www.hitsvip.com/proxyheader.php
http://pm.5188bh.com/header53621.php
http://www.yahoo.com/
http://pm.5188bh.com/header53621.php
http://www.yahoo.com/
http://pm.5188bh.com/header53621.php
http://www.yahoo.com/
http://pm.5188bh.com/header53621.php
http://www.yahoo.com/
http://pm.5188bh.com/judgelife.php
http://www.yahoo.com/
http://pm.5188bh.com/judgelife.php
http://pm.5188bh.com/header53621.php
http://www.yahoo.com/
http://pm.5188bh.com/header53621.php
http://www.yahoo.com/
http://pm.5188bh.com/header53621.php
http://pm.5188bh.com/header53621.php
http://www.yahoo.com/
http://pm.5188bh.com/header53621.php
http://www.yahoo.com/
http://impfr.tradedoubler.com/imp?type(inv)g(17126554)a(2044636)
http://pm.5188bh.com/header53621.php
http://www.yahoo.com/
http://pm.5188bh.com/header53621.php
http://www.yahoo.com/
http://pm.5188bh.com/judgelife.php
http://pm.5188bh.com/header53621.php
http://pm.5188bh.com/header53621.php
http://www.yahoo.com/
http://www.yahoo.com/
http://pm.5188bh.com/header53621.php
http://www.yahoo.com/
http://pm.5188bh.com/header53621.php
http://www.yahoo.com/
http://pm.5188bh.com/header53621.php
http://www.yahoo.com/
http://dalipeng.free.fr/proxyheader.php
http://pm.5188bh.com/judgelife.php
http://www.yahoo.com/
http://www.flowertell.com/proxyheader.php
http://pm.5188bh.com/header53621.php
http://www.yahoo.com/
http://121.199.31.193/proxyheader.php
http://pm.5188bh.com/header53621.php
http://www.yahoo.com/
http://pm.5188bh.com/header53621.php
http://www.yahoo.com/
http://pm.5188bh.com/header53621.php
http://www.yahoo.com/
http://pm.5188bh.com/header53621.php
http://pm.5188bh.com/judgelife.php
http://www.yahoo.com/
http://www.yahoo.com/
http://pm.5188bh.com/header53621.php
http://pm.5188bh.com/header53621.php
http://www.yahoo.com/
http://impfr.tradedoubler.com/imp?type(js)g(20575962)a(2359624)
http://121.199.31.193/proxyheader.php
http://dalipeng.free.fr/proxyheader.php
http://techtz.com/pe/proxyheader.php
http://pm.5188bh.com/header53621.php
http://www.yahoo.com/
http://121.199.31.193/proxyheader.php
http://dalipeng.free.fr/proxyheader.php
http://imppl.tradedoubler.com/imp?type(inv)g(17640396)a(2389197)
http://pm.5188bh.com/header53621.php
http://www.yahoo.com/
http://pm.5188bh.com/judgelife.php
http://pm.5188bh.com/header53621.php
http://www.yahoo.com/
http://pm.5188bh.com/header53621.php
http://www.yahoo.com/
http://121.199.31.193/proxyheader.php
http://121.199.31.193/proxyheader.php
http://pm.5188bh.com/header53621.php
http://www.yahoo.com/
http://pm.5188bh.com/judgelife.php
http://121.199.31.193/proxyheader.php
http://pm.5188bh.com/header53621.php
http://www.yahoo.com/
http://www.hitsvip.com/proxyheader.php
http://121.199.31.193/proxyheader.php
http://pm.5188bh.com/header53621.php
http://www.yahoo.com/
http://pm.5188bh.com/judgelife.php
http://pm.5188bh.com/header53621.php
http://www.yahoo.com/
http://pm.5188bh.com/header53621.php
http://www.yahoo.com/
http://pm.5188bh.com/header53621.php
http://pm.5188bh.com/header53621.php
http://pm.5188bh.com/header53621.php
http://pm.5188bh.com/judgelife.php
http://121.199.31.193/proxyheader.php
http://pm.5188bh.com/header53621.php
http://www.yahoo.com/
http://pm.5188bh.com/header53621.php
http://pm.5188bh.com/judgelife.php
http://www.yahoo.com/
http://www.yahoo.com/
http://pm.5188bh.com/header53621.php
http://121.199.31.193/proxyheader.php
http://imppl.tradedoubler.com/imp?type(inv)g(17310944)a(2388775)
http://pm.5188bh.com/header53621.php
http://www.yahoo.com/
http://pm.5188bh.com/header53621.php
http://pm.5188bh.com/header53621.php
http://www.yahoo.com/
