Server listening on port 3000.
/
/bower_components/bootstrap/dist/css/bootstrap.min.css
/starter-template.css
/bower_components/bootstrap/dist/js/bootstrap.min.js
/
/bower_components/bootstrap/dist/css/bootstrap.min.css
/starter-template.css
/bower_components/bootstrap/dist/js/bootstrap.min.js
/
/bower_components/bootstrap/dist/css/bootstrap.min.css
/starter-template.css
/bower_components/bootstrap/dist/js/bootstrap.min.js
http://pm.5188bh.com/header53621.php
http://www.yahoo.com/
http://pm.5188bh.com/header53621.php
http://www.yahoo.com/
http://pm.5188bh.com/header53621.php
http://www.yahoo.com/
http://pm.5188bh.com/judgelife.php
http://www.yahoo.com/
http://pm.5188bh.com/header53621.php
http://www.yahoo.com/
http://pm.5188bh.com/header53621.php
http://www.yahoo.com/
