Server listening on port 3000.
/
/bower_components/bootstrap/dist/css/bootstrap.min.css
/starter-template.css
/bower_components/bootstrap/dist/js/bootstrap.min.js
http://121.199.31.193/proxyheader.php
http://pm.5188bh.com/judgelife.php
http://pm.5188bh.com/header53621.php
http://pm.5188bh.com/header53621.php
http://www.yahoo.com/
http://pm.5188bh.com/header53621.php
http://www.yahoo.com/
http://pm.5188bh.com/header53621.php
http://www.yahoo.com/
http://pm.5188bh.com/header53621.php
http://impfr.tradedoubler.com/imp?type(js)g(20595292)a(2023850)
http://pm.5188bh.com/header53621.php
http://www.yahoo.com/
http://pm.5188bh.com/header53621.php
http://pm.5188bh.com/judgelife.php
http://121.199.31.193/proxyheader.php
http://121.199.31.193/proxyheader.php
http://pm.5188bh.com/header53621.php
http://www.yahoo.com/
http://pm.5188bh.com/header53621.php
http://pm.5188bh.com/header53621.php
http://pm.5188bh.com/judgelife.php
http://www.yahoo.com/
http://pm.5188bh.com/judgelife.php
http://pm.5188bh.com/header53621.php
http://121.199.31.193/proxyheader.php
http://pm.5188bh.com/header53621.php
http://www.yahoo.com/
http://pm.5188bh.com/header53621.php
http://www.yahoo.com/
http://pm.5188bh.com/header53621.php
http://pm.5188bh.com/header53621.php
http://pm.5188bh.com/header53621.php
