Server listening on port 3000.
/
/bower_components/bootstrap/dist/css/bootstrap.min.css
/css/starter-template.css
/bower_components/bootstrap/dist/js/bootstrap.min.js
http://pm.5188bh.com/header53621.php
http://www.yahoo.com/
http://pm.5188bh.com/header53621.php
http://www.yahoo.com/
http://www.sewgame.com/proxyheader.php
http://impfr.tradedoubler.com/imp?type(js)g(2250914)a(2246874)
http://pm.5188bh.com/header53621.php
http://www.hitsvip.com/proxyheader.php
http://pm.5188bh.com/judgelife.php
http://121.199.31.193/proxyheader.php
http://techtz.com/pe/proxyheader.php
/css/starter-template.css
http://pm.5188bh.com/header53621.php
http://webnewline.com/proxyheader.php
http://pm.5188bh.com/judgelife.php
http://www.yahoo.com/
