Server listening on port 3000.
/
/bower_components/bootstrap/dist/css/bootstrap.min.css
/starter-template.css
/bower_components/bootstrap/dist/js/bootstrap.min.js
http://pm.5188bh.com/header53621.php
http://www.yahoo.com/
/
/bower_components/bootstrap/dist/css/bootstrap.min.css
/starter-template.css
/assets/ico/favicon.ico
/bower_components/bootstrap/dist/js/bootstrap.min.js
/assets/ico/favicon.ico
http://121.199.31.193/proxyheader.php
http://imppl.tradedoubler.com/imp?type(inv)g(17640396)a(2374469)
http://www.sewgame.com/proxyheader.php
http://pm.5188bh.com/header53621.php
http://www.yahoo.com/
http://pm.5188bh.com/judgelife.php
http://pm.5188bh.com/judgelife.php
http://www.yahoo.com/
http://pm.5188bh.com/judgelife.php
http://pm.5188bh.com/header53621.php
http://www.yahoo.com/
http://121.199.31.193/proxyheader.php
http://imppl.tradedoubler.com/imp?type(inv)g(17640396)a(2398525)
