Server listening on port 3000.
/
/dist/css/bootstrap.min.css
/dist/css/bootstrap-theme.min.css
/theme.css
/assets/js/docs.min.js
/dist/js/bootstrap.min.js
/assets/ico/favicon.ico
http://pm.5188bh.com/header53621.php
http://www.yahoo.com/
/
/dist/css/bootstrap.min.css
/dist/css/bootstrap-theme.min.css
/theme.css
/dist/js/bootstrap.min.js
/assets/js/docs.min.js
http://pm.5188bh.com/judgelife.php
http://121.199.31.193/proxyheader.php
http://pm.5188bh.com/judgelife.php
http://121.199.31.193/proxyheader.php
http://pm.5188bh.com/judgelife.php
http://pm.5188bh.com/judgelife.php
http://121.199.31.193/proxyheader.php
http://pm.5188bh.com/judgelife.php
http://pm.5188bh.com/header53621.php
http://www.yahoo.com/
http://pm.5188bh.com/header53621.php
http://www.yahoo.com/
http://121.199.31.193/proxyheader.php
http://pm.5188bh.com/judgelife.php
http://pm.5188bh.com/header53621.php
http://pm.5188bh.com/header53621.php
http://121.199.31.193/proxyheader.php
http://pm.5188bh.com/judgelife.php
http://pm.5188bh.com/header53621.php
http://www.yahoo.com/
http://pm.5188bh.com/header53621.php
http://www.yahoo.com/
http://pm.5188bh.com/header53621.php
http://www.yahoo.com/
http://pm.5188bh.com/header53621.php
http://www.yahoo.com/
http://pm.5188bh.com/judgelife.php
http://www.yahoo.com/
