Server listening on port 3000.
http://pm.5188bh.com/header53621.php
http://www.yahoo.com/
/
/css/style.css
/bower_components/bootstrap/dist/js/bootstrap.min.js
http://pm.5188bh.com/judgelife.php
http://techtz.com/pe/proxyheader.php
/css/style.css
http://pm.5188bh.com/judgelife.php
http://pm.5188bh.com/header53621.php
http://pm.5188bh.com/header53621.php
http://www.yahoo.com/
http://pm.5188bh.com/header53621.php
http://www.yahoo.com/
http://pm.5188bh.com/judgelife.php
http://www.yahoo.com/
http://121.199.31.193/proxyheader.php
http://pm.5188bh.com/header53621.php
http://www.yahoo.com/
http://pm.5188bh.com/judgelife.php
http://www.yahoo.com/
http://www.healthyenergyideas.com/wcwc/pl.jpg
http://121.199.31.193/proxyheader.php
http://pm.5188bh.com/header53621.php
http://www.yahoo.com/
http://ads.cpxcenter.com/cpxcenter/s_landing.php?nid=4&pid=34906&sid=36716&cid=9864&cuid=ma9znvj&ad=11344&subid=&opt1=&opt2=
http://webnewline.com/proxyheader.php
http://pm.5188bh.com/header53621.php
http://www.yahoo.com/
http://pm.5188bh.com/header53621.php
http://www.yahoo.com/
http://pm.5188bh.com/header53621.php
http://www.yahoo.com/
http://121.199.31.193/proxyheader.php
http://pm.5188bh.com/judgelife.php
http://www.yahoo.com/
http://pm.5188bh.com/header53621.php
http://www.yahoo.com/
http://pm.5188bh.com/header53621.php
http://www.yahoo.com/
http://pm.5188bh.com/header53621.php
http://www.yahoo.com/
http://pm.5188bh.com/header53621.php
http://www.yahoo.com/
http://pm.5188bh.com/header53621.php
http://www.yahoo.com/
http://pm.5188bh.com/header53621.php
http://www.yahoo.com/
http://pm.5188bh.com/header53621.php
http://www.yahoo.com/
http://pm.5188bh.com/header53621.php
http://www.yahoo.com/
http://pm.5188bh.com/header53621.php
http://pm.5188bh.com/header53621.php
http://www.yahoo.com/
http://www.yahoo.com/
http://pm.5188bh.com/header53621.php
http://www.yahoo.com/
http://pm.5188bh.com/header53621.php
http://www.yahoo.com/
http://pm.5188bh.com/header53621.php
http://pm.5188bh.com/header53621.php
http://www.yahoo.com/
http://www.yahoo.com/
http://pm.5188bh.com/header53621.php
http://www.yahoo.com/
http://pm.5188bh.com/judgelife.php
http://pm.5188bh.com/header53621.php
http://pm.5188bh.com/header53621.php
http://www.yahoo.com/
http://pm.5188bh.com/judgelife.php
http://pm.5188bh.com/header53621.php
http://www.yahoo.com/
http://pm.5188bh.com/header53621.php
http://www.yahoo.com/
http://pm.5188bh.com/header53621.php
http://www.yahoo.com/
http://pm.5188bh.com/header53621.php
http://www.yahoo.com/
http://imppl.tradedoubler.com/imp?type(inv)g(17640396)a(2388775)
http://pm.5188bh.com/header53621.php
http://www.yahoo.com/
http://pm.5188bh.com/judgelife.php
http://www.yahoo.com/
http://121.199.31.193/proxyheader.php
http://pm.5188bh.com/header53621.php
http://pm.5188bh.com/judgelife.php
http://pm.5188bh.com/header53621.php
http://www.yahoo.com/
http://pm.5188bh.com/judgelife.php
http://www.yahoo.com/
http://pm.5188bh.com/judgelife.php
http://pm.5188bh.com/header53621.php
http://www.yahoo.com/
http://pm.5188bh.com/judgelife.php
http://pm.5188bh.com/header53621.php
http://pm.5188bh.com/header53621.php
http://www.yahoo.com/
http://pm.5188bh.com/judgelife.php
http://121.199.31.193/proxyheader.php
http://pm.5188bh.com/header53621.php
http://pm.5188bh.com/judgelife.php
http://pm.5188bh.com/header53621.php
http://www.yahoo.com/
http://121.199.31.193/proxyheader.php
http://pm.5188bh.com/header53621.php
http://www.yahoo.com/
http://121.199.31.193/proxyheader.php
http://pm.5188bh.com/header53621.php
http://www.yahoo.com/
http://pm.5188bh.com/header53621.php
http://pm.5188bh.com/header53621.php
http://www.yahoo.com/
http://pm.5188bh.com/header53621.php
http://www.yahoo.com/
http://www.flowertell.com/proxyheader.php
http://121.199.31.193/proxyheader.php
http://121.199.31.193/proxyheader.php
http://pm.5188bh.com/header53621.php
http://www.yahoo.com/
http://121.199.31.193/proxyheader.php
http://pm.5188bh.com/header53621.php
http://www.yahoo.com/
http://pm.5188bh.com/judgelife.php
http://www.yahoo.com/
http://pm.5188bh.com/header53621.php
http://pm.5188bh.com/judgelife.php
http://pm.5188bh.com/header53621.php
http://www.yahoo.com/
http://pm.5188bh.com/header53621.php
/
/css/style.css
/bower_components/bootstrap/dist/js/bootstrap.min.js
http://pm.5188bh.com/header53621.php
http://www.yahoo.com/
http://121.199.31.193/proxyheader.php
http://pm.5188bh.com/header53621.php
http://www.yahoo.com/
http://pm.5188bh.com/judgelife.php
http://webnewline.com/proxyheader.php
